
     ██               ██                  ███████    ██████  ███████   ████     ██
    ████             ░██                 ░██░░░░██  ██░░░░██░██░░░░██ ░██░██   ░██
   ██░░██   ██   ██ ██████  ██████       ░██   ░██ ██    ░░ ░██    ░██░██░░██  ░██
  ██  ░░██ ░██  ░██░░░██░  ██░░░░██      ░███████ ░██       ░██    ░██░██ ░░██ ░██
 ██████████░██  ░██  ░██  ░██   ░██      ░██░░░░  ░██       ░██    ░██░██  ░░██░██
░██░░░░░░██░██  ░██  ░██  ░██   ░██      ░██      ░░██    ██░██    ██ ░██   ░░████
░██     ░██░░██████  ░░██ ░░██████  █████░██       ░░██████ ░███████  ░██    ░░███
░░      ░░  ░░░░░░    ░░   ░░░░░░  ░░░░░ ░░         ░░░░░░  ░░░░░░░   ░░      ░░░ 

【程序版本】：v1.2   
【更新时间】：2023/12/23
【系统信息】：Linux-3.10.0-1160.el7.x86_64-x86_64-with-centos-7.9.2009-Core  
【CPU 信息】：Intel(R) Xeon(R) CPU E5-2683 v4 @ 2.10GHz  4 cores
【内存总量】：8GB
【当前路径】：/opt/auto_pcdn

2024-01-05 16:25:04,117 - INFO - 从控制节点获取信息成功！
2024-01-05 16:25:04,117 - INFO - 本机的网络类型为：[pppoe]
2024-01-05 16:25:04,117 - INFO - 检测到系统已具备PCDN业务环境
2024-01-05 16:25:04,117 - INFO - 检测到系统已进行过网络配置，后续会定时从控制节点获取更新
2024-01-05 16:25:04,120 - INFO - ====================节点信息更新上报线程：已启动！====================
2024-01-05 16:25:04,121 - INFO - ====================断线重拨监控上报线程：已启动！====================
2024-01-05 16:25:04,122 - INFO - ====================节点信息更新检查线程：已启动！====================
2024-01-05 16:25:04,125 - INFO - ====================动态策略路由维护线程：已启动！====================
2024-01-05 16:25:04,128 - INFO - ====================运维监控数据采集线程：已启动！====================
2024-01-05 16:25:04,140 - INFO - 当前在线IP和路由表IP条目符合，在线IP:['10.1.1.96', '10.1.1.88', '10.1.1.106', '10.1.1.110']
2024-01-05 16:25:04,706 - INFO - 已经向客户更新推送了最新的拨号状态信息
2024-01-05 16:25:04,738 - INFO - 已将线路信息上报至客户操作上报至平台
2024-01-05 16:25:06,240 - INFO - 硬件信息已采集完成！
2024-01-05 16:25:12,545 - INFO - 实时上下行数据采集完成！
2024-01-05 16:25:12,546 - INFO - 当前所有线路上行数据：[平均值：0.0mbps, 最大值：0.0mbps, 最小值：0.0mbps]
2024-01-05 16:25:12,546 - INFO - 当前所有线路下行数据：[平均值：0.0mbps, 最大值：0.0mbps, 最小值：0.0mbps]
